<?xml version="1.0" encoding="UTF-8"?>
<!-- Generated by org.testng.reporters.JUnitReportReporter -->
<testsuite skipped="0" hostname="LAPTOP-AGHJRJVA" name="org.jira.assignment.GetAllTheAssignment" tests="1" failures="0" timestamp="2020-05-19T12:25:10 IST" time="3.649" errors="0">
  <testcase name="getAllAssignment" time="3.649" classname="org.jira.assignment.GetAllTheAssignment"/>
  <system-out/>
</testsuite> <!-- org.jira.assignment.GetAllTheAssignment -->
