<?xml version="1.0" encoding="UTF-8"?>
<!-- Generated by org.testng.reporters.JUnitReportReporter -->
<testsuite skipped="0" hostname="LAPTOP-AGHJRJVA" name="week2.Assignment3.CreateIssue" tests="1" failures="0" timestamp="2020-05-20T02:52:00 IST" time="7.044" errors="0">
  <testcase name="createIssue" time="7.044" classname="week2.Assignment3.CreateIssue"/>
  <system-out/>
</testsuite> <!-- week2.Assignment3.CreateIssue -->
