<?xml version="1.0" encoding="UTF-8"?>
<!-- Generated by org.testng.reporters.JUnitReportReporter -->
<testsuite skipped="0" hostname="LAPTOP-AGHJRJVA" name="week2.Assignment3.DeleteIssue" tests="1" failures="0" timestamp="2020-05-20T02:52:00 IST" time="0.709" errors="0">
  <testcase name="deleteIssue" time="0.709" classname="week2.Assignment3.DeleteIssue"/>
  <system-out/>
</testsuite> <!-- week2.Assignment3.DeleteIssue -->
