<?xml version="1.0" encoding="UTF-8"?>
<!-- Generated by org.testng.reporters.JUnitReportReporter -->
<testsuite skipped="0" hostname="LAPTOP-AGHJRJVA" name="week2.Assignment.Assignment2" tests="3" failures="0" timestamp="2020-05-20T02:39:51 IST" time="5.156" errors="0">
  <testcase name="createIssueUsingFile" time="0.833" classname="week2.Assignment.Assignment2"/>
  <system-out/>
  <testcase name="createIssueUsingFile" time="0.489" classname="week2.Assignment.Assignment2"/>
  <system-out/>
  <testcase name="createIssueUsingFile" time="3.834" classname="week2.Assignment.Assignment2"/>
  <system-out/>
</testsuite> <!-- week2.Assignment.Assignment2 -->
