<?xml version="1.0" encoding="UTF-8"?>
<!-- Generated by org.testng.reporters.JUnitReportReporter -->
<testsuite skipped="0" hostname="LAPTOP-AGHJRJVA" name="org.jira.assignment.IssuesWithAttachmentMedium" tests="1" failures="0" timestamp="2020-05-19T12:26:37 IST" time="31.581" errors="0">
  <testcase name="getMediumIssues" time="31.581" classname="org.jira.assignment.IssuesWithAttachmentMedium"/>
  <system-out/>
</testsuite> <!-- org.jira.assignment.IssuesWithAttachmentMedium -->
