<?xml version="1.0" encoding="UTF-8"?>
<!-- Generated by org.testng.reporters.JUnitReportReporter -->
<testsuite skipped="0" hostname="LAPTOP-AGHJRJVA" name="chaining.UpdateChangeRequest" tests="1" failures="0" timestamp="2020-05-17T12:26:51 IST" time="3.821" errors="0">
  <testcase name="updateChangeRequest" time="3.821" classname="chaining.UpdateChangeRequest"/>
</testsuite> <!-- chaining.UpdateChangeRequest -->
