<?xml version="1.0" encoding="UTF-8"?>
<!-- Generated by org.testng.reporters.JUnitReportReporter -->
<testsuite skipped="0" hostname="LAPTOP-AGHJRJVA" name="changeRequest.GetChangeRequest" tests="1" failures="0" timestamp="2020-05-16T13:31:23 IST" time="10.617" errors="0">
  <testcase name="getChangeRequest" time="10.617" classname="changeRequest.GetChangeRequest"/>
</testsuite> <!-- changeRequest.GetChangeRequest -->
