<?xml version="1.0" encoding="UTF-8"?>
<!-- Generated by org.testng.reporters.JUnitReportReporter -->
<testsuite skipped="2" hostname="LAPTOP-AGHJRJVA" name="week2.Assignment.Assignment1" tests="3" failures="0" timestamp="2020-05-20T02:10:03 IST" time="3.025" errors="0">
  <testcase name="deleteIssue" time="3.025" classname="week2.Assignment.Assignment1"/>
  <system-out/>
  <testcase name="getAllIssuesWithIn24hrs" classname="week2.Assignment.Assignment1">
    <skipped/>
  </testcase> <!-- getAllIssuesWithIn24hrs -->
  <system-out/>
  <testcase name="createIssueUsingBodyAsString" classname="week2.Assignment.Assignment1">
    <skipped/>
  </testcase> <!-- createIssueUsingBodyAsString -->
  <system-out/>
</testsuite> <!-- week2.Assignment.Assignment1 -->
