<?xml version="1.0" encoding="UTF-8"?>
<!-- Generated by org.testng.reporters.JUnitReportReporter -->
<testsuite skipped="0" hostname="LAPTOP-AGHJRJVA" name="chaining.CreateChangeRequest" tests="1" failures="0" timestamp="2020-05-17T13:40:22 IST" time="9.364" errors="0">
  <testcase name="createChangeRequestUsingFile" time="9.364" classname="chaining.CreateChangeRequest"/>
</testsuite> <!-- chaining.CreateChangeRequest -->
