<?xml version="1.0" encoding="UTF-8"?>
<!-- Generated by org.testng.reporters.JUnitReportReporter -->
<testsuite skipped="0" hostname="LAPTOP-AGHJRJVA" name="changeRequest.CreateChangeRequestStringBody" tests="2" failures="0" timestamp="2020-05-17T11:25:52 IST" time="19.966" errors="0">
  <testcase name="updateChangeRequest" time="9.983" classname="changeRequest.CreateChangeRequestStringBody"/>
  <testcase name="updateChangeRequest" time="9.983" classname="changeRequest.CreateChangeRequestStringBody"/>
</testsuite> <!-- changeRequest.CreateChangeRequestStringBody -->
